2025-01-14 21:44:42.349  INFO 15824 --- [MessageBroker-1] o.s.w.s.c.WebSocketMessageBrokerStats    : WebSocketSession[0 current WS(0)-HttpStream(0)-HttpPoll(0), 0 total, 0 closed abnormally (0 connect failure, 0 send limit, 0 transport error)], stompSubProtocol[processed CONNECT(0)-CONNECTED(0)-DISCONNECT(0)], stompBrokerRelay[null], inboundChannel[pool size = 0, active threads = 0, queued tasks = 0, completed tasks = 0], outboundChannel[pool size = 0, active threads = 0, queued tasks = 0, completed tasks = 0], sockJsScheduler[pool size = 1, active threads = 1, queued tasks = 0, completed tasks = 0]
2025-01-14 21:45:27.079  INFO 15824 --- [http-nio-8080-exec-1] o.a.c.c.C.[Tomcat].[localhost].[/]       : Initializing Spring DispatcherServlet 'dispatcherServlet'
2025-01-14 21:46:20.152  INFO 15824 --- [http-nio-8080-exec-1] o.s.web.servlet.DispatcherServlet        : Initializing Servlet 'dispatcherServlet'
2025-01-14 21:46:20.158  INFO 15824 --- [http-nio-8080-exec-1] o.s.web.servlet.DispatcherServlet        : Completed initialization in 2 ms
2025-01-14 21:46:20.285  INFO 15824 --- [http-nio-8080-exec-2] c.j.message.controller.ChatController    : Received request to create chat for sessionId: nier159
2025-01-14 21:46:20.285  INFO 15824 --- [http-nio-8080-exec-5] c.j.message.controller.ChatController    : Received request to create chat for sessionId: 林鹏宇考事业单位
2025-01-14 21:46:20.285  INFO 15824 --- [http-nio-8080-exec-6] c.j.message.controller.ChatController    : joinChat request to validate key: DF ，user:林鹏宇考事业单位
2025-01-14 21:46:20.285  INFO 15824 --- [http-nio-8080-exec-4] c.j.message.controller.ChatController    : Received request to create chat for sessionId: nier159
2025-01-14 21:46:20.289  INFO 15824 --- [http-nio-8080-exec-6] c.j.message.controller.ChatController    : joinChat request to validate key: DF ，user:林鹏宇考事业单位
2025-01-14 21:46:20.285  INFO 15824 --- [http-nio-8080-exec-7] c.j.message.controller.ChatController    : joinChat request to validate key: FF ，user:nier159
2025-01-14 21:46:20.289  INFO 15824 --- [pool-2-thread-1] c.j.message.controller.ChatController    : Received request to create chat for sessionId: nier159
2025-01-14 21:46:20.292  INFO 15824 --- [pool-2-thread-2] c.j.message.controller.ChatController    : Received request to create chat for sessionId: 林鹏宇考事业单位
2025-01-14 21:46:20.295  INFO 15824 --- [pool-2-thread-3] c.j.message.controller.ChatController    : Received request to create chat for sessionId: nier159
2025-01-14 21:46:20.295  INFO 15824 --- [http-nio-8080-exec-7] c.j.message.controller.ChatController    : joinChat request to validate key: FF ，user:nier159
2025-01-14 21:46:20.424  INFO 15824 --- [http-nio-8080-exec-2] c.j.message.controller.ChatController    : Chat created with key: db3c260c-afd8-466c-805b-b71d348a5b85 for username: nier159
2025-01-14 21:46:20.424  INFO 15824 --- [http-nio-8080-exec-5] c.j.message.controller.ChatController    : Chat created with key: be949c40-aa81-4832-9ba6-009db3d2be41 for username: 林鹏宇考事业单位
2025-01-14 21:46:20.425  INFO 15824 --- [http-nio-8080-exec-4] c.j.message.controller.ChatController    : Chat created with key: 1c6ebd55-1a58-43b4-9698-d15616339d83 for username: nier159
2025-01-14 21:46:20.489 ERROR 15824 --- [NettyClientPublicExecutor_2] c.j.m.service.impl.MessageServiceImpl    : chat_new聊天事件发生失败！: ChatEvent(eventType=CREATE, chatKey=db3c260c-afd8-466c-805b-b71d348a5b85, message=null, creator=nier159, joiner=null)

org.apache.rocketmq.client.exception.MQBrokerException: CODE: 14  DESC: service not available now. It may be caused by one of the following reasons: the broker's disk is full [CL:  0.99 CQ:  0.99 INDEX:  0.99], messages are put to the slave, message store has been shut down, etc. BROKER: 192.168.8.176:10911
For more information, please visit the url, http://rocketmq.apache.org/docs/faq/
	at org.apache.rocketmq.client.impl.MQClientAPIImpl.processSendResponse(MQClientAPIImpl.java:680) ~[rocketmq-client-4.9.3.jar:4.9.3]
	at org.apache.rocketmq.client.impl.MQClientAPIImpl.access$000(MQClientAPIImpl.java:171) ~[rocketmq-client-4.9.3.jar:4.9.3]
	at org.apache.rocketmq.client.impl.MQClientAPIImpl$1.operationComplete(MQClientAPIImpl.java:557) ~[rocketmq-client-4.9.3.jar:4.9.3]
	at org.apache.rocketmq.remoting.netty.ResponseFuture.executeInvokeCallback(ResponseFuture.java:54) ~[rocketmq-remoting-4.9.3.jar:4.9.3]
	at org.apache.rocketmq.remoting.netty.NettyRemotingAbstract$2.run(NettyRemotingAbstract.java:320) ~[rocketmq-remoting-4.9.3.jar:4.9.3]
	at java.base/java.util.concurrent.Executors$RunnableAdapter.call(Executors.java:539) ~[na:na]
	at java.base/java.util.concurrent.FutureTask.run(FutureTask.java:264) ~[na:na]
	at java.base/java.util.concurrent.ThreadPoolExecutor.runWorker(ThreadPoolExecutor.java:1136) ~[na:na]
	at java.base/java.util.concurrent.ThreadPoolExecutor$Worker.run(ThreadPoolExecutor.java:635) ~[na:na]
	at java.base/java.lang.Thread.run(Thread.java:833) ~[na:na]

2025-01-14 21:46:20.489 ERROR 15824 --- [NettyClientPublicExecutor_1] c.j.m.service.impl.MessageServiceImpl    : chat_new聊天事件发生失败！: ChatEvent(eventType=CREATE, chatKey=1c6ebd55-1a58-43b4-9698-d15616339d83, message=null, creator=nier159, joiner=null)

org.apache.rocketmq.client.exception.MQBrokerException: CODE: 14  DESC: service not available now. It may be caused by one of the following reasons: the broker's disk is full [CL:  0.99 CQ:  0.99 INDEX:  0.99], messages are put to the slave, message store has been shut down, etc. BROKER: 192.168.8.176:10911
For more information, please visit the url, http://rocketmq.apache.org/docs/faq/
	at org.apache.rocketmq.client.impl.MQClientAPIImpl.processSendResponse(MQClientAPIImpl.java:680) ~[rocketmq-client-4.9.3.jar:4.9.3]
	at org.apache.rocketmq.client.impl.MQClientAPIImpl.access$000(MQClientAPIImpl.java:171) ~[rocketmq-client-4.9.3.jar:4.9.3]
	at org.apache.rocketmq.client.impl.MQClientAPIImpl$1.operationComplete(MQClientAPIImpl.java:557) ~[rocketmq-client-4.9.3.jar:4.9.3]
	at org.apache.rocketmq.remoting.netty.ResponseFuture.executeInvokeCallback(ResponseFuture.java:54) ~[rocketmq-remoting-4.9.3.jar:4.9.3]
	at org.apache.rocketmq.remoting.netty.NettyRemotingAbstract$2.run(NettyRemotingAbstract.java:320) ~[rocketmq-remoting-4.9.3.jar:4.9.3]
	at java.base/java.util.concurrent.Executors$RunnableAdapter.call(Executors.java:539) ~[na:na]
	at java.base/java.util.concurrent.FutureTask.run(FutureTask.java:264) ~[na:na]
	at java.base/java.util.concurrent.ThreadPoolExecutor.runWorker(ThreadPoolExecutor.java:1136) ~[na:na]
	at java.base/java.util.concurrent.ThreadPoolExecutor$Worker.run(ThreadPoolExecutor.java:635) ~[na:na]
	at java.base/java.lang.Thread.run(Thread.java:833) ~[na:na]

2025-01-14 21:46:20.489 ERROR 15824 --- [NettyClientPublicExecutor_3] c.j.m.service.impl.MessageServiceImpl    : chat_new聊天事件发生失败！: ChatEvent(eventType=CREATE, chatKey=be949c40-aa81-4832-9ba6-009db3d2be41, message=null, creator=林鹏宇考事业单位, joiner=null)

org.apache.rocketmq.client.exception.MQBrokerException: CODE: 14  DESC: service not available now. It may be caused by one of the following reasons: the broker's disk is full [CL:  0.99 CQ:  0.99 INDEX:  0.99], messages are put to the slave, message store has been shut down, etc. BROKER: 192.168.8.176:10911
For more information, please visit the url, http://rocketmq.apache.org/docs/faq/
	at org.apache.rocketmq.client.impl.MQClientAPIImpl.processSendResponse(MQClientAPIImpl.java:680) ~[rocketmq-client-4.9.3.jar:4.9.3]
	at org.apache.rocketmq.client.impl.MQClientAPIImpl.access$000(MQClientAPIImpl.java:171) ~[rocketmq-client-4.9.3.jar:4.9.3]
	at org.apache.rocketmq.client.impl.MQClientAPIImpl$1.operationComplete(MQClientAPIImpl.java:557) ~[rocketmq-client-4.9.3.jar:4.9.3]
	at org.apache.rocketmq.remoting.netty.ResponseFuture.executeInvokeCallback(ResponseFuture.java:54) ~[rocketmq-remoting-4.9.3.jar:4.9.3]
	at org.apache.rocketmq.remoting.netty.NettyRemotingAbstract$2.run(NettyRemotingAbstract.java:320) ~[rocketmq-remoting-4.9.3.jar:4.9.3]
	at java.base/java.util.concurrent.Executors$RunnableAdapter.call(Executors.java:539) ~[na:na]
	at java.base/java.util.concurrent.FutureTask.run(FutureTask.java:264) ~[na:na]
	at java.base/java.util.concurrent.ThreadPoolExecutor.runWorker(ThreadPoolExecutor.java:1136) ~[na:na]
	at java.base/java.util.concurrent.ThreadPoolExecutor$Worker.run(ThreadPoolExecutor.java:635) ~[na:na]
	at java.base/java.lang.Thread.run(Thread.java:833) ~[na:na]

2025-01-14 21:46:34.101  INFO 15824 --- [clientInboundChannel-13] c.j.message.controller.ChatController    : send message from key: be949c40-aa81-4832-9ba6-009db3d2be41
2025-01-14 21:46:34.108 DEBUG 15824 --- [clientInboundChannel-13] c.j.message.controller.ChatController    : Message: FV sent to chatroom: be949c40-aa81-4832-9ba6-009db3d2be41
2025-01-14 21:46:34.108 DEBUG 15824 --- [clientInboundChannel-13] c.j.message.controller.ChatController    : Message: FV sent to chatroom: be949c40-aa81-4832-9ba6-009db3d2be41
2025-01-14 21:46:37.369  INFO 15824 --- [clientInboundChannel-16] c.j.message.controller.ChatController    : send message from key: 1c6ebd55-1a58-43b4-9698-d15616339d83
2025-01-14 21:46:37.372 DEBUG 15824 --- [clientInboundChannel-16] c.j.message.controller.ChatController    : Message: VVVVVVV sent to chatroom: 1c6ebd55-1a58-43b4-9698-d15616339d83
2025-01-14 21:46:37.380 DEBUG 15824 --- [clientInboundChannel-16] c.j.message.controller.ChatController    : Message: VVVVVVV sent to chatroom: 1c6ebd55-1a58-43b4-9698-d15616339d83
